nohup: ignoring input
2023-06-14 23:07:34,328 DEBUG    word_embeds.weight: torch.Size([4688, 100]), require_grad=True
2023-06-14 23:07:34,328 DEBUG    lstm.weight_ih_l0: torch.Size([400, 100]), require_grad=True
2023-06-14 23:07:34,328 DEBUG    lstm.weight_hh_l0: torch.Size([400, 100]), require_grad=True
2023-06-14 23:07:34,328 DEBUG    lstm.bias_ih_l0: torch.Size([400]), require_grad=True
2023-06-14 23:07:34,328 DEBUG    lstm.bias_hh_l0: torch.Size([400]), require_grad=True
2023-06-14 23:07:34,328 DEBUG    lstm.weight_ih_l0_reverse: torch.Size([400, 100]), require_grad=True
2023-06-14 23:07:34,329 DEBUG    lstm.weight_hh_l0_reverse: torch.Size([400, 100]), require_grad=True
2023-06-14 23:07:34,329 DEBUG    lstm.bias_ih_l0_reverse: torch.Size([400]), require_grad=True
2023-06-14 23:07:34,329 DEBUG    lstm.bias_hh_l0_reverse: torch.Size([400]), require_grad=True
2023-06-14 23:07:34,329 DEBUG    hidden2tag.weight: torch.Size([21, 200]), require_grad=True
2023-06-14 23:07:34,329 DEBUG    hidden2tag.bias: torch.Size([21]), require_grad=True
2023-06-14 23:07:34,329 DEBUG    crf.start_transitions: torch.Size([21]), require_grad=True
2023-06-14 23:07:34,329 DEBUG    crf.end_transitions: torch.Size([21]), require_grad=True
2023-06-14 23:07:34,329 DEBUG    crf.transitions: torch.Size([21, 21]), require_grad=True
/mnt/zstack/lzu_files/user_files/yhl/anaconda3/lib/python3.8/site-packages/torchcrf/__init__.py:249: UserWarning: where received a uint8 condition tensor. This behavior is deprecated and will be removed in a future version of PyTorch. Use a boolean condition instead. (Triggered internally at /opt/conda/conda-bld/pytorch_1670525552411/work/aten/src/ATen/native/TensorCompare.cpp:413.)
  score = torch.where(mask[i].unsqueeze(1), next_score, score)
2023-06-14 23:12:40,681 DEBUG    epoch 0-step 100 loss: 25.295958
2023-06-14 23:16:28,979 DEBUG    epoch 0-step 200 loss: 9.568263
2023-06-14 23:20:49,880 DEBUG    epoch 0-step 300 loss: 6.117913
2023-06-14 23:25:06,517 DEBUG    epoch 0-step 400 loss: 4.612759
2023-06-14 23:28:45,244 DEBUG    epoch 0-step 500 loss: 3.832297
2023-06-14 23:33:33,820 DEBUG    epoch 0-step 600 loss: 3.317178
2023-06-14 23:37:51,935 DEBUG    epoch 0-step 700 loss: 2.756429
2023-06-14 23:42:15,939 DEBUG    epoch 0-step 800 loss: 2.500711
2023-06-14 23:47:41,289 DEBUG    epoch 0-step 900 loss: 2.318244
2023-06-14 23:51:41,533 DEBUG    epoch 0-step 1000 loss: 2.037841
2023-06-14 23:56:15,878 DEBUG    epoch 0-step 1100 loss: 1.925972
2023-06-15 00:00:51,014 DEBUG    epoch 0-step 1200 loss: 1.867014
2023-06-15 00:04:44,708 DEBUG    epoch 0-step 1300 loss: 1.636205
2023-06-15 00:08:17,442 INFO     model has been saved in  ./save/model_epoch0.pkl
2023-06-15 00:14:12,103 DEBUG    epoch 1-step 100 loss: 1.211269
2023-06-15 00:19:27,412 DEBUG    epoch 1-step 200 loss: 1.105546
2023-06-15 00:24:18,416 DEBUG    epoch 1-step 300 loss: 1.170460
2023-06-15 00:28:34,158 DEBUG    epoch 1-step 400 loss: 1.122378
2023-06-15 00:33:19,315 DEBUG    epoch 1-step 500 loss: 1.202963
2023-06-15 00:36:48,350 DEBUG    epoch 1-step 600 loss: 1.159375
2023-06-15 00:41:28,364 DEBUG    epoch 1-step 700 loss: 1.164812
2023-06-15 00:50:16,735 DEBUG    epoch 1-step 800 loss: 1.197913
2023-06-15 00:59:11,309 DEBUG    epoch 1-step 900 loss: 1.017717
2023-06-15 01:07:25,082 DEBUG    epoch 1-step 1000 loss: 1.163983
2023-06-15 01:16:13,778 DEBUG    epoch 1-step 1100 loss: 1.140811
2023-06-15 01:25:36,527 DEBUG    epoch 1-step 1200 loss: 0.988140
2023-06-15 01:32:37,499 DEBUG    epoch 1-step 1300 loss: 1.057881
2023-06-15 01:40:16,024 INFO     model has been saved in  ./save/model_epoch1.pkl
2023-06-15 01:45:37,496 DEBUG    epoch 2-step 100 loss: 0.719258
2023-06-15 01:53:22,589 DEBUG    epoch 2-step 200 loss: 0.746856
2023-06-15 01:59:20,704 DEBUG    epoch 2-step 300 loss: 0.632706
2023-06-15 02:07:21,944 DEBUG    epoch 2-step 400 loss: 0.732460
2023-06-15 02:15:49,298 DEBUG    epoch 2-step 500 loss: 0.703496
2023-06-15 02:20:57,282 DEBUG    epoch 2-step 600 loss: 0.700954
2023-06-15 02:25:06,942 DEBUG    epoch 2-step 700 loss: 0.765005
2023-06-15 02:35:52,847 DEBUG    epoch 2-step 800 loss: 0.780538
2023-06-15 02:41:12,597 DEBUG    epoch 2-step 900 loss: 0.761025
2023-06-15 02:45:09,481 DEBUG    epoch 2-step 1000 loss: 0.698142
2023-06-15 02:47:37,819 DEBUG    epoch 2-step 1100 loss: 0.773687
2023-06-15 02:53:32,646 DEBUG    epoch 2-step 1200 loss: 0.819794
2023-06-15 02:58:06,327 DEBUG    epoch 2-step 1300 loss: 0.762938
2023-06-15 03:00:41,041 INFO     model has been saved in  ./save/model_epoch2.pkl
2023-06-15 03:06:13,800 DEBUG    epoch 3-step 100 loss: 0.495663
2023-06-15 03:10:59,112 DEBUG    epoch 3-step 200 loss: 0.489534
2023-06-15 03:14:13,702 DEBUG    epoch 3-step 300 loss: 0.492165
2023-06-15 03:20:55,342 DEBUG    epoch 3-step 400 loss: 0.572203
2023-06-15 03:24:52,715 DEBUG    epoch 3-step 500 loss: 0.533583
2023-06-15 03:29:24,570 DEBUG    epoch 3-step 600 loss: 0.539080
2023-06-15 03:34:59,866 DEBUG    epoch 3-step 700 loss: 0.615127
2023-06-15 03:38:32,137 DEBUG    epoch 3-step 800 loss: 0.571505
2023-06-15 03:45:48,099 DEBUG    epoch 3-step 900 loss: 0.599752
2023-06-15 03:49:02,687 DEBUG    epoch 3-step 1000 loss: 0.618589
2023-06-15 03:53:42,751 DEBUG    epoch 3-step 1100 loss: 0.640584
2023-06-15 03:59:16,941 DEBUG    epoch 3-step 1200 loss: 0.670119
2023-06-15 04:03:08,846 DEBUG    epoch 3-step 1300 loss: 0.666647
2023-06-15 04:08:18,196 INFO     model has been saved in  ./save/model_epoch3.pkl
2023-06-15 04:13:32,486 DEBUG    epoch 4-step 100 loss: 0.419419
2023-06-15 04:18:57,460 DEBUG    epoch 4-step 200 loss: 0.398821
2023-06-15 04:23:46,397 DEBUG    epoch 4-step 300 loss: 0.388396
2023-06-15 04:27:04,547 DEBUG    epoch 4-step 400 loss: 0.394957
2023-06-15 04:32:13,522 DEBUG    epoch 4-step 500 loss: 0.443782
2023-06-15 04:36:51,789 DEBUG    epoch 4-step 600 loss: 0.457794
2023-06-15 04:40:30,433 DEBUG    epoch 4-step 700 loss: 0.483155
2023-06-15 04:46:44,983 DEBUG    epoch 4-step 800 loss: 0.494138
2023-06-15 04:49:35,235 DEBUG    epoch 4-step 900 loss: 0.562542
2023-06-15 04:53:17,825 DEBUG    epoch 4-step 1000 loss: 0.507055
2023-06-15 04:58:26,887 DEBUG    epoch 4-step 1100 loss: 0.528574
2023-06-15 05:03:24,185 DEBUG    epoch 4-step 1200 loss: 0.547902
2023-06-15 05:05:16,946 DEBUG    epoch 4-step 1300 loss: 0.542380
2023-06-15 05:07:21,397 INFO     model has been saved in  ./save/model_epoch4.pkl
2023-06-15 05:10:03,811 DEBUG    epoch 5-step 100 loss: 0.321487
2023-06-15 05:12:10,006 DEBUG    epoch 5-step 200 loss: 0.343331
2023-06-15 05:14:33,768 DEBUG    epoch 5-step 300 loss: 0.334214
2023-06-15 05:17:27,443 DEBUG    epoch 5-step 400 loss: 0.373195
2023-06-15 05:20:27,343 DEBUG    epoch 5-step 500 loss: 0.400492
2023-06-15 05:23:10,143 DEBUG    epoch 5-step 600 loss: 0.378152
2023-06-15 05:25:47,109 DEBUG    epoch 5-step 700 loss: 0.391815
2023-06-15 05:28:38,748 DEBUG    epoch 5-step 800 loss: 0.547354
2023-06-15 05:31:56,067 DEBUG    epoch 5-step 900 loss: 0.433562
2023-06-15 05:33:35,232 DEBUG    epoch 5-step 1000 loss: 0.445051
2023-06-15 05:35:54,122 DEBUG    epoch 5-step 1100 loss: 0.445843
2023-06-15 05:38:34,186 DEBUG    epoch 5-step 1200 loss: 0.475487
2023-06-15 05:41:59,480 DEBUG    epoch 5-step 1300 loss: 0.495699
2023-06-15 05:43:51,898 INFO     model has been saved in  ./save/model_epoch5.pkl
2023-06-15 05:45:43,533 DEBUG    epoch 6-step 100 loss: 0.333688
2023-06-15 05:48:23,395 DEBUG    epoch 6-step 200 loss: 0.306299
2023-06-15 05:51:43,498 DEBUG    epoch 6-step 300 loss: 0.297513
2023-06-15 05:54:44,993 DEBUG    epoch 6-step 400 loss: 0.359836
2023-06-15 05:56:23,207 DEBUG    epoch 6-step 500 loss: 0.307305
2023-06-15 05:58:47,781 DEBUG    epoch 6-step 600 loss: 0.389246
2023-06-15 06:01:57,646 DEBUG    epoch 6-step 700 loss: 0.424812
2023-06-15 06:05:35,435 DEBUG    epoch 6-step 800 loss: 0.390608
2023-06-15 06:07:08,374 DEBUG    epoch 6-step 900 loss: 0.395921
2023-06-15 06:08:57,313 DEBUG    epoch 6-step 1000 loss: 0.397175
2023-06-15 06:11:38,829 DEBUG    epoch 6-step 1100 loss: 0.437796
2023-06-15 06:15:22,568 DEBUG    epoch 6-step 1200 loss: 0.485198
2023-06-15 06:17:42,551 DEBUG    epoch 6-step 1300 loss: 0.453223
2023-06-15 06:18:56,366 INFO     model has been saved in  ./save/model_epoch6.pkl
2023-06-15 06:20:39,773 DEBUG    epoch 7-step 100 loss: 0.312446
2023-06-15 06:23:43,935 DEBUG    epoch 7-step 200 loss: 0.338755
2023-06-15 06:27:20,481 DEBUG    epoch 7-step 300 loss: 0.275526
2023-06-15 06:29:32,302 DEBUG    epoch 7-step 400 loss: 0.331859
2023-06-15 06:30:58,650 DEBUG    epoch 7-step 500 loss: 0.359250
2023-06-15 06:33:28,582 DEBUG    epoch 7-step 600 loss: 0.359949
2023-06-15 06:37:05,930 DEBUG    epoch 7-step 700 loss: 0.386844
2023-06-15 06:39:36,130 DEBUG    epoch 7-step 800 loss: 0.361581
2023-06-15 06:41:35,430 DEBUG    epoch 7-step 900 loss: 0.390471
2023-06-15 06:43:39,862 DEBUG    epoch 7-step 1000 loss: 0.400022
2023-06-15 06:47:22,329 DEBUG    epoch 7-step 1100 loss: 0.425381
2023-06-15 06:50:33,036 DEBUG    epoch 7-step 1200 loss: 0.459194
2023-06-15 06:52:22,652 DEBUG    epoch 7-step 1300 loss: 0.437870
2023-06-15 06:53:53,139 INFO     model has been saved in  ./save/model_epoch7.pkl
2023-06-15 06:56:09,662 DEBUG    epoch 8-step 100 loss: 0.281358
2023-06-15 07:00:16,506 DEBUG    epoch 8-step 200 loss: 0.273968
2023-06-15 07:02:29,497 DEBUG    epoch 8-step 300 loss: 0.225056
2023-06-15 07:04:11,324 DEBUG    epoch 8-step 400 loss: 0.298146
2023-06-15 07:06:03,871 DEBUG    epoch 8-step 500 loss: 0.338273
2023-06-15 07:09:42,725 DEBUG    epoch 8-step 600 loss: 0.331454
2023-06-15 07:12:53,300 DEBUG    epoch 8-step 700 loss: 0.350334
2023-06-15 07:14:21,788 DEBUG    epoch 8-step 800 loss: 0.345059
2023-06-15 07:16:05,612 DEBUG    epoch 8-step 900 loss: 0.396239
2023-06-15 07:18:16,962 DEBUG    epoch 8-step 1000 loss: 0.379927
2023-06-15 07:22:22,146 DEBUG    epoch 8-step 1100 loss: 0.401279
2023-06-15 07:24:51,567 DEBUG    epoch 8-step 1200 loss: 0.440992
2023-06-15 07:26:30,942 DEBUG    epoch 8-step 1300 loss: 0.440538
2023-06-15 07:28:05,600 INFO     model has been saved in  ./save/model_epoch8.pkl
2023-06-15 07:31:20,898 DEBUG    epoch 9-step 100 loss: 0.291450
2023-06-15 07:35:08,503 DEBUG    epoch 9-step 200 loss: 0.289761
2023-06-15 07:36:28,730 DEBUG    epoch 9-step 300 loss: 0.296993
2023-06-15 07:38:07,994 DEBUG    epoch 9-step 400 loss: 0.285742
2023-06-15 07:39:52,177 DEBUG    epoch 9-step 500 loss: 0.301082
2023-06-15 07:43:17,871 DEBUG    epoch 9-step 600 loss: 0.341611
2023-06-15 07:46:41,263 DEBUG    epoch 9-step 700 loss: 0.364290
2023-06-15 07:48:47,149 DEBUG    epoch 9-step 800 loss: 0.351627
2023-06-15 07:51:32,129 DEBUG    epoch 9-step 900 loss: 0.357002
2023-06-15 07:56:52,671 DEBUG    epoch 9-step 1000 loss: 0.386249
2023-06-15 07:58:48,881 DEBUG    epoch 9-step 1100 loss: 0.403821
2023-06-15 08:00:37,793 DEBUG    epoch 9-step 1200 loss: 0.419896
2023-06-15 08:02:22,542 DEBUG    epoch 9-step 1300 loss: 0.414344
2023-06-15 08:03:55,272 INFO     model has been saved in  ./save/model_epoch9.pkl
